10:28:29.769 [main] INFO  Testcases.TC_001_AccountRegistratioin - ......Started TC_001_AccountRegistratioin  test case.....
10:28:29.785 [main] INFO  Testcases.TC_001_AccountRegistratioin - Clicking MyAccount link
10:28:29.871 [main] INFO  Testcases.TC_001_AccountRegistratioin - Clicking Registration link
10:28:30.328 [main] INFO  Testcases.TC_001_AccountRegistratioin - Providing customers information
10:28:31.182 [main] INFO  Testcases.TC_001_AccountRegistratioin - Registration successful...
10:28:31.184 [main] INFO  Testcases.TC_001_AccountRegistratioin - ......Finished TC_001_AccountRegistratioin  test case.....
10:32:42.393 [main] INFO  Testcases.TC_001_AccountRegistratioin - ......Started TC_001_AccountRegistratioin  test case.....
10:32:42.407 [main] INFO  Testcases.TC_001_AccountRegistratioin - Clicking MyAccount link
10:32:42.496 [main] INFO  Testcases.TC_001_AccountRegistratioin - Clicking Registration link
10:32:42.927 [main] INFO  Testcases.TC_001_AccountRegistratioin - Providing customers information
10:32:44.048 [main] INFO  Testcases.TC_001_AccountRegistratioin - Registration successful...
10:32:44.049 [main] INFO  Testcases.TC_001_AccountRegistratioin - ......Finished TC_001_AccountRegistratioin  test case.....
10:57:16.278 [TestNG-tests-1] INFO  Testcases.TC_001_AccountRegistratioin - ......Started TC_001_AccountRegistratioin  test case.....
10:57:16.294 [TestNG-tests-1] INFO  Testcases.TC_001_AccountRegistratioin - Clicking MyAccount link
10:57:16.363 [TestNG-tests-1] INFO  Testcases.TC_001_AccountRegistratioin - Clicking Registration link
10:57:17.013 [TestNG-tests-1] INFO  Testcases.TC_001_AccountRegistratioin - Providing customers information
10:57:17.839 [TestNG-tests-1] INFO  Testcases.TC_001_AccountRegistratioin - Registration successful...
10:57:17.841 [TestNG-tests-1] INFO  Testcases.TC_001_AccountRegistratioin - ......Finished TC_001_AccountRegistratioin  test case.....
10:57:21.891 [TestNG-tests-2] INFO  Testcases.TC_001_AccountRegistratioin - ......Started TC_001_AccountRegistratioin  test case.....
10:57:21.892 [TestNG-tests-2] INFO  Testcases.TC_001_AccountRegistratioin - Clicking MyAccount link
10:57:21.952 [TestNG-tests-2] INFO  Testcases.TC_001_AccountRegistratioin - Clicking Registration link
10:57:23.942 [TestNG-tests-2] INFO  Testcases.TC_001_AccountRegistratioin - Providing customers information
10:57:25.319 [TestNG-tests-2] INFO  Testcases.TC_001_AccountRegistratioin - Registration successful...
10:57:25.319 [TestNG-tests-2] INFO  Testcases.TC_001_AccountRegistratioin - ......Finished TC_001_AccountRegistratioin  test case.....
19:32:54.463 [main] INFO  Testcases.TC_001_AccountRegistratioin - ......Started TC_001_AccountRegistratioin  test case.....
19:32:54.485 [main] INFO  Testcases.TC_001_AccountRegistratioin - Clicking MyAccount link
19:32:54.581 [main] INFO  Testcases.TC_001_AccountRegistratioin - Clicking Registration link
19:32:55.420 [main] INFO  Testcases.TC_001_AccountRegistratioin - Providing customers information
19:32:56.632 [main] INFO  Testcases.TC_001_AccountRegistratioin - Registration successful...
19:32:56.632 [main] INFO  Testcases.TC_001_AccountRegistratioin - ......Finished TC_001_AccountRegistratioin  test case.....
12:42:22.102 [main] INFO  Testcases.TC_001_AccountRegistratioin - ......Started TC_001_AccountRegistratioin  test case.....
12:42:22.125 [main] INFO  Testcases.TC_001_AccountRegistratioin - Clicking MyAccount link
12:42:22.210 [main] INFO  Testcases.TC_001_AccountRegistratioin - Clicking Registration link
12:42:22.873 [main] INFO  Testcases.TC_001_AccountRegistratioin - Providing customers information
12:42:24.075 [main] INFO  Testcases.TC_001_AccountRegistratioin - Registration successful...
12:42:24.078 [main] INFO  Testcases.TC_001_AccountRegistratioin - ......Finished TC_001_AccountRegistratioin  test case.....
12:42:26.523 [main] INFO  Testcases.TC_002_LoginTest - Test TC_002_LoginTest is started
12:42:27.329 [main] INFO  Testcases.TC_002_LoginTest - Test TC_002_LoginTest is finished
08:37:22.892 [main] INFO  Testcases.TC_001_AccountRegistratioin - ......Started TC_001_AccountRegistratioin  test case.....
08:37:22.968 [main] INFO  Testcases.TC_001_AccountRegistratioin - Clicking MyAccount link
08:37:23.101 [main] INFO  Testcases.TC_001_AccountRegistratioin - Clicking Registration link
08:37:23.822 [main] INFO  Testcases.TC_001_AccountRegistratioin - Providing customers information
08:37:24.911 [main] INFO  Testcases.TC_001_AccountRegistratioin - Registration successful...
08:37:24.913 [main] INFO  Testcases.TC_001_AccountRegistratioin - ......Finished TC_001_AccountRegistratioin  test case.....
08:42:36.058 [main] INFO  Testcases.TC_001_AccountRegistratioin - ......Started TC_001_AccountRegistratioin  test case.....
08:42:36.091 [main] INFO  Testcases.TC_001_AccountRegistratioin - Clicking MyAccount link
08:42:36.165 [main] INFO  Testcases.TC_001_AccountRegistratioin - Clicking Registration link
