08:42:36.465 [main] INFO  Testcases.TC_001_AccountRegistratioin - Providing customers information
08:42:37.475 [main] INFO  Testcases.TC_001_AccountRegistratioin - Registration successful...
08:42:37.477 [main] INFO  Testcases.TC_001_AccountRegistratioin - ......Finished TC_001_AccountRegistratioin  test case.....
08:43:40.821 [main] INFO  Testcases.TC_001_AccountRegistratioin - ......Started TC_001_AccountRegistratioin  test case.....
08:43:40.845 [main] INFO  Testcases.TC_001_AccountRegistratioin - Clicking MyAccount link
08:43:40.904 [main] INFO  Testcases.TC_001_AccountRegistratioin - Clicking Registration link
08:43:41.461 [main] INFO  Testcases.TC_001_AccountRegistratioin - Providing customers information
08:43:42.587 [main] INFO  Testcases.TC_001_AccountRegistratioin - Registration successful...
08:43:42.589 [main] INFO  Testcases.TC_001_AccountRegistratioin - ......Finished TC_001_AccountRegistratioin  test case.....
08:46:40.283 [main] INFO  Testcases.TC_001_AccountRegistratioin - ......Started TC_001_AccountRegistratioin  test case.....
08:46:40.301 [main] INFO  Testcases.TC_001_AccountRegistratioin - Clicking MyAccount link
08:46:40.374 [main] INFO  Testcases.TC_001_AccountRegistratioin - Clicking Registration link
08:46:40.642 [main] INFO  Testcases.TC_001_AccountRegistratioin - Providing customers information
08:46:41.495 [main] INFO  Testcases.TC_001_AccountRegistratioin - Registration successful...
08:46:41.497 [main] INFO  Testcases.TC_001_AccountRegistratioin - ......Finished TC_001_AccountRegistratioin  test case.....
08:55:52.965 [main] INFO  Testcases.TC_001_AccountRegistratioin - ......Started TC_001_AccountRegistratioin  test case.....
08:55:52.995 [main] INFO  Testcases.TC_001_AccountRegistratioin - Clicking MyAccount link
08:55:53.080 [main] INFO  Testcases.TC_001_AccountRegistratioin - Clicking Registration link
08:55:53.494 [main] INFO  Testcases.TC_001_AccountRegistratioin - Providing customers information
08:55:54.439 [main] INFO  Testcases.TC_001_AccountRegistratioin - Registration successful...
08:55:54.440 [main] INFO  Testcases.TC_001_AccountRegistratioin - ......Finished TC_001_AccountRegistratioin  test case.....
20:58:44.308 [main] INFO  Testcases.TC_001_AccountRegistratioin - ......Started TC_001_AccountRegistratioin  test case.....
20:58:44.334 [main] INFO  Testcases.TC_001_AccountRegistratioin - Clicking MyAccount link
20:58:44.423 [main] INFO  Testcases.TC_001_AccountRegistratioin - Clicking Registration link
20:58:45.340 [main] INFO  Testcases.TC_001_AccountRegistratioin - Providing customers information
20:58:46.740 [main] INFO  Testcases.TC_001_AccountRegistratioin - Registration successful...
20:58:46.741 [main] INFO  Testcases.TC_001_AccountRegistratioin - ......Finished TC_001_AccountRegistratioin  test case.....
20:58:56.927 [main] INFO  Testcases.TC_002_LoginTest - Test TC_002_LoginTest is started
20:58:58.565 [main] INFO  Testcases.TC_002_LoginTest - Test TC_002_LoginTest is finished
20:59:58.378 [main] INFO  Testcases.TC_001_AccountRegistratioin - ......Started TC_001_AccountRegistratioin  test case.....
20:59:58.393 [main] INFO  Testcases.TC_001_AccountRegistratioin - Clicking MyAccount link
20:59:58.487 [main] INFO  Testcases.TC_001_AccountRegistratioin - Clicking Registration link
20:59:59.111 [main] INFO  Testcases.TC_001_AccountRegistratioin - Providing customers information
21:00:00.332 [main] INFO  Testcases.TC_001_AccountRegistratioin - Registration successful...
21:00:00.334 [main] INFO  Testcases.TC_001_AccountRegistratioin - ......Finished TC_001_AccountRegistratioin  test case.....
21:00:05.781 [main] INFO  Testcases.TC_002_LoginTest - Test TC_002_LoginTest is started
21:01:23.527 [main] INFO  Testcases.TC_002_LoginTest - Test TC_002_LoginTest is started
21:01:25.125 [main] INFO  Testcases.TC_002_LoginTest - Test TC_002_LoginTest is finished
18:49:14.986 [main] INFO  Testcases.TC_001_AccountRegistratioin - ......Started TC_001_AccountRegistratioin  test case.....
18:49:15.007 [main] INFO  Testcases.TC_001_AccountRegistratioin - Clicking MyAccount link
18:49:15.097 [main] INFO  Testcases.TC_001_AccountRegistratioin - Clicking Registration link
18:49:15.675 [main] INFO  Testcases.TC_001_AccountRegistratioin - Providing customers information
18:49:16.791 [main] INFO  Testcases.TC_001_AccountRegistratioin - Registration successful...
18:49:16.793 [main] INFO  Testcases.TC_001_AccountRegistratioin - ......Finished TC_001_AccountRegistratioin  test case.....
18:49:21.586 [main] INFO  Testcases.TC_002_LoginTest - Test TC_002_LoginTest is started
18:49:23.079 [main] INFO  Testcases.TC_002_LoginTest - Test TC_002_LoginTest is finished
20:47:04.054 [main] INFO  Testcases.TC_001_AccountRegistratioin - ......Started TC_001_AccountRegistratioin  test case.....
20:47:04.077 [main] INFO  Testcases.TC_001_AccountRegistratioin - Clicking MyAccount link
20:47:04.161 [main] INFO  Testcases.TC_001_AccountRegistratioin - Clicking Registration link
